[2m2023-04-13 17:11:58.075[0;39m [[32m INFO[0;39m] [35m18208[0;39m [2m[  restartedMain ][0;39m [32mnet.mingsoft.MSApplication[0;39m:55 [2m:[0;39m Starting MSApplication on CCRPC030 with PID 18208 (D:\IdeaProjects\fxxf-mcms\target\classes started by ccruser in D:\IdeaProjects\fxxf-mcms)
[2m2023-04-13 17:11:58.080[0;39m [[32mDEBUG[0;39m] [35m18208[0;39m [2m[  restartedMain ][0;39m [32mnet.mingsoft.MSApplication[0;39m:56 [2m:[0;39m Running with Spring Boot v2.3.12.RELEASE, Spring v5.2.15.RELEASE
[2m2023-04-13 17:11:58.081[0;39m [[32m INFO[0;39m] [35m18208[0;39m [2m[  restartedMain ][0;39m [32mnet.mingsoft.MSApplication[0;39m:652 [2m:[0;39m The following profiles are active: dev
[2m2023-04-13 17:11:59.370[0;39m [[32m INFO[0;39m] [35m18208[0;39m [2m[  restartedMain ][0;39m [32mcom.alibaba.druid.spring.boot.autoconfigure.DruidDataSourceAutoConfigure[0;39m:55 [2m:[0;39m Init DruidDataSource
[2m2023-04-13 17:11:59.474[0;39m [[32m INFO[0;39m] [35m18208[0;39m [2m[  restartedMain ][0;39m [32mcom.alibaba.druid.pool.DruidDataSource[0;39m:975 [2m:[0;39m {dataSource-1} inited
[2m2023-04-13 17:12:00.127[0;39m [[33m WARN[0;39m] [35m18208[0;39m [2m[  restartedMain ][0;39m [33mcom.baomidou.mybatisplus.core.injector.AbstractMethod[0;39m:414 [2m:[0;39m [net.mingsoft.basic.dao.IManagerDao.delete] Has been loaded by XML or SqlProvider or Mybatis's Annotation, so ignoring this injection for [class com.baomidou.mybatisplus.core.injector.methods.Delete]
[2m2023-04-13 17:12:00.313[0;39m [[33m WARN[0;39m] [35m18208[0;39m [2m[  restartedMain ][0;39m [33mcom.baomidou.mybatisplus.core.injector.AbstractMethod[0;39m:414 [2m:[0;39m [net.mingsoft.basic.dao.IModelDao.delete] Has been loaded by XML or SqlProvider or Mybatis's Annotation, so ignoring this injection for [class com.baomidou.mybatisplus.core.injector.methods.Delete]
[2m2023-04-13 17:12:00.345[0;39m [[33m WARN[0;39m] [35m18208[0;39m [2m[  restartedMain ][0;39m [33mcom.baomidou.mybatisplus.core.metadata.TableInfoHelper[0;39m:342 [2m:[0;39m Can not find table primary key in Class: "net.mingsoft.basic.entity.RoleModelEntity".
[2m2023-04-13 17:12:00.345[0;39m [[33m WARN[0;39m] [35m18208[0;39m [2m[  restartedMain ][0;39m [33mcom.baomidou.mybatisplus.core.injector.DefaultSqlInjector[0;39m:56 [2m:[0;39m class net.mingsoft.basic.entity.RoleModelEntity ,Not found @TableId annotation, Cannot use Mybatis-Plus 'xxById' Method.
[2m2023-04-13 17:12:00.869[0;39m [[32m INFO[0;39m] [35m18208[0;39m [2m[  restartedMain ][0;39m [32morg.apache.coyote.http11.Http11NioProtocol[0;39m:173 [2m:[0;39m Initializing ProtocolHandler ["http-nio-8080"]
[2m2023-04-13 17:12:00.870[0;39m [[32m INFO[0;39m] [35m18208[0;39m [2m[  restartedMain ][0;39m [32morg.apache.catalina.core.StandardService[0;39m:173 [2m:[0;39m Starting service [Tomcat]
[2m2023-04-13 17:12:00.870[0;39m [[32m INFO[0;39m] [35m18208[0;39m [2m[  restartedMain ][0;39m [32morg.apache.catalina.core.StandardEngine[0;39m:173 [2m:[0;39m Starting Servlet engine: [Apache Tomcat/9.0.60]
[2m2023-04-13 17:12:00.937[0;39m [[32m INFO[0;39m] [35m18208[0;39m [2m[  restartedMain ][0;39m [32morg.apache.catalina.core.ContainerBase.[Tomcat].[localhost].[/][0;39m:173 [2m:[0;39m Initializing Spring embedded WebApplicationContext
[2m2023-04-13 17:12:01.005[0;39m [[32mDEBUG[0;39m] [35m18208[0;39m [2m[  restartedMain ][0;39m [32mnet.mingsoft.basic.filter.XSSEscapeFilter[0;39m:126 [2m:[0;39m xss filter init
[2m2023-04-13 17:12:01.259[0;39m [[33m WARN[0;39m] [35m18208[0;39m [2m[  restartedMain ][0;39m [33mcom.baomidou.mybatisplus.core.injector.AbstractMethod[0;39m:414 [2m:[0;39m [net.mingsoft.cms.dao.ICategoryDao.delete] Has been loaded by XML or SqlProvider or Mybatis's Annotation, so ignoring this injection for [class com.baomidou.mybatisplus.core.injector.methods.Delete]
[2m2023-04-13 17:12:01.295[0;39m [[33m WARN[0;39m] [35m18208[0;39m [2m[  restartedMain ][0;39m [33mcom.baomidou.mybatisplus.core.injector.AbstractMethod[0;39m:414 [2m:[0;39m [net.mingsoft.cms.dao.IContentDao.delete] Has been loaded by XML or SqlProvider or Mybatis's Annotation, so ignoring this injection for [class com.baomidou.mybatisplus.core.injector.methods.Delete]
[2m2023-04-13 17:12:01.479[0;39m [[33m WARN[0;39m] [35m18208[0;39m [2m[  restartedMain ][0;39m [33mcom.baomidou.mybatisplus.core.injector.AbstractMethod[0;39m:414 [2m:[0;39m [net.mingsoft.mdiy.dao.IModelDao.delete] Has been loaded by XML or SqlProvider or Mybatis's Annotation, so ignoring this injection for [class com.baomidou.mybatisplus.core.injector.methods.Delete]
[2m2023-04-13 17:12:01.960[0;39m [[33m WARN[0;39m] [35m18208[0;39m [2m[  restartedMain ][0;39m [33mcom.baomidou.mybatisplus.core.injector.AbstractMethod[0;39m:414 [2m:[0;39m [net.mingsoft.mdiy.dao.IPageDao.delete] Has been loaded by XML or SqlProvider or Mybatis's Annotation, so ignoring this injection for [class com.baomidou.mybatisplus.core.injector.methods.Delete]
[2m2023-04-13 17:12:02.136[0;39m [[33m WARN[0;39m] [35m18208[0;39m [2m[  restartedMain ][0;39m [33mcom.baomidou.mybatisplus.core.injector.AbstractMethod[0;39m:414 [2m:[0;39m [net.mingsoft.basic.dao.ILogDao.delete] Has been loaded by XML or SqlProvider or Mybatis's Annotation, so ignoring this injection for [class com.baomidou.mybatisplus.core.injector.methods.Delete]
[2m2023-04-13 17:12:02.338[0;39m [[33m WARN[0;39m] [35m18208[0;39m [2m[  restartedMain ][0;39m [33mcom.baomidou.mybatisplus.core.injector.AbstractMethod[0;39m:414 [2m:[0;39m [net.mingsoft.basic.dao.ICityDao.delete] Has been loaded by XML or SqlProvider or Mybatis's Annotation, so ignoring this injection for [class com.baomidou.mybatisplus.core.injector.methods.Delete]
[2m2023-04-13 17:12:02.513[0;39m [[33m WARN[0;39m] [35m18208[0;39m [2m[  restartedMain ][0;39m [33mcom.baomidou.mybatisplus.core.injector.AbstractMethod[0;39m:414 [2m:[0;39m [net.mingsoft.basic.dao.IRoleDao.delete] Has been loaded by XML or SqlProvider or Mybatis's Annotation, so ignoring this injection for [class com.baomidou.mybatisplus.core.injector.methods.Delete]
[2m2023-04-13 17:12:02.858[0;39m [[33m WARN[0;39m] [35m18208[0;39m [2m[  restartedMain ][0;39m [33mcom.baomidou.mybatisplus.core.injector.AbstractMethod[0;39m:414 [2m:[0;39m [net.mingsoft.mdiy.dao.ITagDao.delete] Has been loaded by XML or SqlProvider or Mybatis's Annotation, so ignoring this injection for [class com.baomidou.mybatisplus.core.injector.methods.Delete]
[2m2023-04-13 17:12:03.137[0;39m [[33m WARN[0;39m] [35m18208[0;39m [2m[  restartedMain ][0;39m [33mcom.baomidou.mybatisplus.core.injector.AbstractMethod[0;39m:414 [2m:[0;39m [net.mingsoft.mdiy.dao.IDictDao.delete] Has been loaded by XML or SqlProvider or Mybatis's Annotation, so ignoring this injection for [class com.baomidou.mybatisplus.core.injector.methods.Delete]
[2m2023-04-13 17:12:05.667[0;39m [[32m INFO[0;39m] [35m18208[0;39m [2m[  restartedMain ][0;39m [32morg.quartz.impl.StdSchedulerFactory[0;39m:1220 [2m:[0;39m Using default implementation for ThreadExecutor
[2m2023-04-13 17:12:05.674[0;39m [[32m INFO[0;39m] [35m18208[0;39m [2m[  restartedMain ][0;39m [32morg.quartz.core.SchedulerSignalerImpl[0;39m:61 [2m:[0;39m Initialized Scheduler Signaller of type: class org.quartz.core.SchedulerSignalerImpl
[2m2023-04-13 17:12:05.674[0;39m [[32m INFO[0;39m] [35m18208[0;39m [2m[  restartedMain ][0;39m [32morg.quartz.core.QuartzScheduler[0;39m:229 [2m:[0;39m Quartz Scheduler v.2.3.2 created.
[2m2023-04-13 17:12:05.674[0;39m [[32m INFO[0;39m] [35m18208[0;39m [2m[  restartedMain ][0;39m [32morg.quartz.simpl.RAMJobStore[0;39m:155 [2m:[0;39m RAMJobStore initialized.
[2m2023-04-13 17:12:05.675[0;39m [[32m INFO[0;39m] [35m18208[0;39m [2m[  restartedMain ][0;39m [32morg.quartz.core.QuartzScheduler[0;39m:294 [2m:[0;39m Scheduler meta-data: Quartz Scheduler (v2.3.2) 'quartzScheduler' with instanceId 'NON_CLUSTERED'
  Scheduler class: 'org.quartz.core.QuartzScheduler' - running locally.
  NOT STARTED.
  Currently in standby mode.
  Number of jobs executed: 0
  Using thread pool 'org.quartz.simpl.SimpleThreadPool' - with 10 threads.
  Using job-store 'org.quartz.simpl.RAMJobStore' - which does not support persistence. and is not clustered.

[2m2023-04-13 17:12:05.675[0;39m [[32m INFO[0;39m] [35m18208[0;39m [2m[  restartedMain ][0;39m [32morg.quartz.impl.StdSchedulerFactory[0;39m:1374 [2m:[0;39m Quartz scheduler 'quartzScheduler' initialized from an externally provided properties instance.
[2m2023-04-13 17:12:05.675[0;39m [[32m INFO[0;39m] [35m18208[0;39m [2m[  restartedMain ][0;39m [32morg.quartz.impl.StdSchedulerFactory[0;39m:1378 [2m:[0;39m Quartz scheduler version: 2.3.2
[2m2023-04-13 17:12:05.675[0;39m [[32m INFO[0;39m] [35m18208[0;39m [2m[  restartedMain ][0;39m [32morg.quartz.core.QuartzScheduler[0;39m:2293 [2m:[0;39m JobFactory set to: org.springframework.scheduling.quartz.SpringBeanJobFactory@67ca4739
[2m2023-04-13 17:12:05.830[0;39m [[32m INFO[0;39m] [35m18208[0;39m [2m[  restartedMain ][0;39m [32morg.apache.coyote.http11.Http11NioProtocol[0;39m:173 [2m:[0;39m Starting ProtocolHandler ["http-nio-8080"]
[2m2023-04-13 17:12:05.842[0;39m [[32m INFO[0;39m] [35m18208[0;39m [2m[  restartedMain ][0;39m [32morg.quartz.core.QuartzScheduler[0;39m:547 [2m:[0;39m Scheduler quartzScheduler_$_NON_CLUSTERED started.
[2m2023-04-13 17:12:05.849[0;39m [[32m INFO[0;39m] [35m18208[0;39m [2m[  restartedMain ][0;39m [32mnet.mingsoft.MSApplication[0;39m:61 [2m:[0;39m Started MSApplication in 8.085 seconds (JVM running for 9.237)
[2m2023-04-13 17:12:11.063[0;39m [[32m INFO[0;39m] [35m18208[0;39m [2m[nio-8080-exec-1 ][0;39m [32morg.apache.catalina.core.ContainerBase.[Tomcat].[localhost].[/][0;39m:173 [2m:[0;39m Initializing Spring DispatcherServlet 'dispatcherServlet'
[2m2023-04-13 17:12:11.086[0;39m [[32m INFO[0;39m] [35m18208[0;39m [2m[nio-8080-exec-1 ][0;39m [32morg.apache.shiro.session.mgt.AbstractValidatingSessionManager[0;39m:233 [2m:[0;39m Enabling session validation scheduler...
[2m2023-04-13 17:12:11.245[0;39m [[32mDEBUG[0;39m] [35m18208[0;39m [2m[nio-8080-exec-1 ][0;39m [32mnet.mingsoft.basic.dao.IAppDao.selectList[0;39m:137 [2m:[0;39m ==>  Preparing: SELECT id,app_state,app_name,app_description,app_logo,app_style,app_keyword,app_copyright,app_dir,app_url,app_datetime,app_pay_date,app_pay,create_by,create_date,del,update_by,update_date FROM app WHERE (app_url LIKE ?)
[2m2023-04-13 17:12:11.255[0;39m [[32mDEBUG[0;39m] [35m18208[0;39m [2m[nio-8080-exec-1 ][0;39m [32mnet.mingsoft.basic.dao.IAppDao.selectList[0;39m:137 [2m:[0;39m ==> Parameters: %192.168.2.78:8080%(String)
[2m2023-04-13 17:12:11.262[0;39m [[32mDEBUG[0;39m] [35m18208[0;39m [2m[nio-8080-exec-1 ][0;39m [32mnet.mingsoft.basic.dao.IAppDao.selectList[0;39m:137 [2m:[0;39m <==      Total: 0
[2m2023-04-13 17:12:11.275[0;39m [[32mDEBUG[0;39m] [35m18208[0;39m [2m[nio-8080-exec-1 ][0;39m [32mnet.mingsoft.basic.dao.IAppDao.selectList[0;39m:137 [2m:[0;39m ==>  Preparing: SELECT id,app_state,app_name,app_description,app_logo,app_style,app_keyword,app_copyright,app_dir,app_url,app_datetime,app_pay_date,app_pay,create_by,create_date,del,update_by,update_date FROM app
[2m2023-04-13 17:12:11.275[0;39m [[32mDEBUG[0;39m] [35m18208[0;39m [2m[nio-8080-exec-1 ][0;39m [32mnet.mingsoft.basic.dao.IAppDao.selectList[0;39m:137 [2m:[0;39m ==> Parameters: 
[2m2023-04-13 17:12:11.280[0;39m [[32mDEBUG[0;39m] [35m18208[0;39m [2m[nio-8080-exec-1 ][0;39m [32mnet.mingsoft.basic.dao.IAppDao.selectList[0;39m:137 [2m:[0;39m <==      Total: 1
[2m2023-04-13 17:12:11.285[0;39m [[32mDEBUG[0;39m] [35m18208[0;39m [2m[nio-8080-exec-1 ][0;39m [32mnet.mingsoft.basic.util.BasicUtil[0;39m:293 [2m:[0;39m server:null,basePath:http://192.168.2.78:8080/
[2m2023-04-13 17:12:16.531[0;39m [[32mDEBUG[0;39m] [35m18208[0;39m [2m[nio-8080-exec-3 ][0;39m [32mnet.mingsoft.basic.action.web.LoginAction[0;39m:115 [2m:[0;39m basic checkLogin
[2m2023-04-13 17:12:16.532[0;39m [[32mDEBUG[0;39m] [35m18208[0;39m [2m[nio-8080-exec-3 ][0;39m [32mnet.mingsoft.basic.action.web.LoginAction[0;39m:148 [2m:[0;39m session_code:puqr requestCode:puqr
[2m2023-04-13 17:12:16.782[0;39m [[32mDEBUG[0;39m] [35m18208[0;39m [2m[nio-8080-exec-3 ][0;39m [32mnet.mingsoft.basic.dao.IManagerDao.updateCache[0;39m:137 [2m:[0;39m ==>  Preparing: UPDATE manager set del=0 where 1=-1
[2m2023-04-13 17:12:16.783[0;39m [[32mDEBUG[0;39m] [35m18208[0;39m [2m[nio-8080-exec-3 ][0;39m [32mnet.mingsoft.basic.dao.IManagerDao.updateCache[0;39m:137 [2m:[0;39m ==> Parameters: 
[2m2023-04-13 17:12:16.786[0;39m [[32mDEBUG[0;39m] [35m18208[0;39m [2m[nio-8080-exec-3 ][0;39m [32mnet.mingsoft.basic.dao.IManagerDao.updateCache[0;39m:137 [2m:[0;39m <==    Updates: 0
[2m2023-04-13 17:12:16.791[0;39m [[32mDEBUG[0;39m] [35m18208[0;39m [2m[nio-8080-exec-3 ][0;39m [32mnet.mingsoft.basic.dao.IManagerDao[0;39m:60 [2m:[0;39m Cache Hit Ratio [net.mingsoft.basic.dao.IManagerDao]: 0.0
[2m2023-04-13 17:12:16.791[0;39m [[32mDEBUG[0;39m] [35m18208[0;39m [2m[nio-8080-exec-3 ][0;39m [32mnet.mingsoft.basic.dao.IManagerDao.getByEntity[0;39m:137 [2m:[0;39m ==>  Preparing: select * from manager WHERE MANAGER_NAME=?
[2m2023-04-13 17:12:16.792[0;39m [[32mDEBUG[0;39m] [35m18208[0;39m [2m[nio-8080-exec-3 ][0;39m [32mnet.mingsoft.basic.dao.IManagerDao.getByEntity[0;39m:137 [2m:[0;39m ==> Parameters: ccradmin(String)
[2m2023-04-13 17:12:16.794[0;39m [[32mDEBUG[0;39m] [35m18208[0;39m [2m[nio-8080-exec-3 ][0;39m [32mnet.mingsoft.basic.dao.IManagerDao.getByEntity[0;39m:137 [2m:[0;39m <==      Total: 1
[2m2023-04-13 17:12:16.803[0;39m [[33m WARN[0;39m] [35m18208[0;39m [2m[nio-8080-exec-3 ][0;39m [33morg.apache.ibatis.io.SerialFilterChecker[0;39m:45 [2m:[0;39m As you are using functionality that deserializes object streams, it is recommended to define the JEP-290 serial filter. Please refer to https://docs.oracle.com/pls/topic/lookup?ctx=javase15&id=GUID-8296D8E8-2B93-4B9A-856E-0A65AF9B8C66
[2m2023-04-13 17:12:16.804[0;39m [[32mDEBUG[0;39m] [35m18208[0;39m [2m[nio-8080-exec-3 ][0;39m [32mnet.mingsoft.basic.dao.IManagerDao[0;39m:60 [2m:[0;39m Cache Hit Ratio [net.mingsoft.basic.dao.IManagerDao]: 0.5
[2m2023-04-13 17:12:16.862[0;39m [[32mDEBUG[0;39m] [35m18208[0;39m [2m[nio-8080-exec-4 ][0;39m [32mnet.mingsoft.basic.dao.IModelDao[0;39m:60 [2m:[0;39m Cache Hit Ratio [net.mingsoft.basic.dao.IModelDao]: 0.0
[2m2023-04-13 17:12:16.862[0;39m [[32mDEBUG[0;39m] [35m18208[0;39m [2m[nio-8080-exec-4 ][0;39m [32mnet.mingsoft.basic.dao.IModelDao.queryModelByRoleId[0;39m:137 [2m:[0;39m ==>  Preparing: select * from model where id in (select MODEL_ID from role_model where ROLE_ID=?) order by MODEL_SORT desc,id desc
[2m2023-04-13 17:12:16.863[0;39m [[32mDEBUG[0;39m] [35m18208[0;39m [2m[nio-8080-exec-4 ][0;39m [32mnet.mingsoft.basic.dao.IModelDao.queryModelByRoleId[0;39m:137 [2m:[0;39m ==> Parameters: 48(Integer)
[2m2023-04-13 17:12:16.886[0;39m [[32mDEBUG[0;39m] [35m18208[0;39m [2m[nio-8080-exec-4 ][0;39m [32mnet.mingsoft.basic.dao.IModelDao.queryModelByRoleId[0;39m:137 [2m:[0;39m <==      Total: 96
[2m2023-04-13 17:12:16.942[0;39m [[32mDEBUG[0;39m] [35m18208[0;39m [2m[nio-8080-exec-4 ][0;39m [32mnet.mingsoft.basic.util.BasicUtil[0;39m:293 [2m:[0;39m server:null,basePath:http://192.168.2.78:8080/
[2m2023-04-13 17:12:17.140[0;39m [[32mDEBUG[0;39m] [35m18208[0;39m [2m[io-8080-exec-10 ][0;39m [32mnet.mingsoft.basic.dao.IManagerDao[0;39m:60 [2m:[0;39m Cache Hit Ratio [net.mingsoft.basic.dao.IManagerDao]: 0.3333333333333333
[2m2023-04-13 17:12:17.140[0;39m [[32mDEBUG[0;39m] [35m18208[0;39m [2m[io-8080-exec-10 ][0;39m [32mnet.mingsoft.basic.dao.IManagerDao.getByEntity[0;39m:137 [2m:[0;39m ==>  Preparing: select * from manager WHERE MANAGER_NAME=? and MANAGER_NICKNAME=? and MANAGER_PASSWORD=? and MANAGER_ADMIN=? and ROLE_IDS=?
[2m2023-04-13 17:12:17.141[0;39m [[32mDEBUG[0;39m] [35m18208[0;39m [2m[io-8080-exec-10 ][0;39m [32mnet.mingsoft.basic.dao.IManagerDao.getByEntity[0;39m:137 [2m:[0;39m ==> Parameters: ccradmin(String), ccradmin(String), 5e3600ab8cb4b61b35731c18f7d774eb(String), super(String), 48(String)
[2m2023-04-13 17:12:17.143[0;39m [[32mDEBUG[0;39m] [35m18208[0;39m [2m[io-8080-exec-10 ][0;39m [32mnet.mingsoft.basic.dao.IManagerDao.getByEntity[0;39m:137 [2m:[0;39m <==      Total: 1
[2m2023-04-13 17:12:17.148[0;39m [[32mDEBUG[0;39m] [35m18208[0;39m [2m[io-8080-exec-10 ][0;39m [32mnet.mingsoft.basic.dao.IModelDao[0;39m:60 [2m:[0;39m Cache Hit Ratio [net.mingsoft.basic.dao.IModelDao]: 0.5
[2m2023-04-13 17:12:17.152[0;39m [[32mDEBUG[0;39m] [35m18208[0;39m [2m[nio-8080-exec-9 ][0;39m [32mnet.mingsoft.basic.dao.IModelDao.selectList[0;39m:137 [2m:[0;39m ==>  Preparing: SELECT id,model_title,model_datetime,model_id,model_url,model_code,is_child,model_icon,model_sort,model_ismenu,model_parent_ids,create_by,create_date,del,update_by,update_date FROM model
[2m2023-04-13 17:12:17.153[0;39m [[32mDEBUG[0;39m] [35m18208[0;39m [2m[nio-8080-exec-9 ][0;39m [32mnet.mingsoft.basic.dao.IModelDao.selectList[0;39m:137 [2m:[0;39m ==> Parameters: 
[2m2023-04-13 17:12:17.153[0;39m [[32mDEBUG[0;39m] [35m18208[0;39m [2m[io-8080-exec-10 ][0;39m [32mnet.mingsoft.basic.dao.IManagerDao[0;39m:60 [2m:[0;39m Cache Hit Ratio [net.mingsoft.basic.dao.IManagerDao]: 0.5
[2m2023-04-13 17:12:17.167[0;39m [[32mDEBUG[0;39m] [35m18208[0;39m [2m[io-8080-exec-10 ][0;39m [32mnet.mingsoft.basic.dao.IModelDao[0;39m:60 [2m:[0;39m Cache Hit Ratio [net.mingsoft.basic.dao.IModelDao]: 0.6666666666666666
[2m2023-04-13 17:12:17.171[0;39m [[32mDEBUG[0;39m] [35m18208[0;39m [2m[nio-8080-exec-9 ][0;39m [32mnet.mingsoft.basic.dao.IModelDao.selectList[0;39m:137 [2m:[0;39m <==      Total: 96
[2m2023-04-13 17:12:17.200[0;39m [[32mDEBUG[0;39m] [35m18208[0;39m [2m[io-8080-exec-10 ][0;39m [32mnet.mingsoft.basic.dao.IManagerDao[0;39m:60 [2m:[0;39m Cache Hit Ratio [net.mingsoft.basic.dao.IManagerDao]: 0.6
[2m2023-04-13 17:12:17.205[0;39m [[32mDEBUG[0;39m] [35m18208[0;39m [2m[io-8080-exec-10 ][0;39m [32mnet.mingsoft.basic.dao.IModelDao[0;39m:60 [2m:[0;39m Cache Hit Ratio [net.mingsoft.basic.dao.IModelDao]: 0.75
[2m2023-04-13 17:12:17.211[0;39m [[32mDEBUG[0;39m] [35m18208[0;39m [2m[io-8080-exec-10 ][0;39m [32mnet.mingsoft.basic.dao.IManagerDao[0;39m:60 [2m:[0;39m Cache Hit Ratio [net.mingsoft.basic.dao.IManagerDao]: 0.6666666666666666
[2m2023-04-13 17:12:17.215[0;39m [[32mDEBUG[0;39m] [35m18208[0;39m [2m[io-8080-exec-10 ][0;39m [32mnet.mingsoft.basic.dao.IModelDao[0;39m:60 [2m:[0;39m Cache Hit Ratio [net.mingsoft.basic.dao.IModelDao]: 0.8
[2m2023-04-13 17:12:17.220[0;39m [[32mDEBUG[0;39m] [35m18208[0;39m [2m[io-8080-exec-10 ][0;39m [32mnet.mingsoft.basic.dao.IManagerDao[0;39m:60 [2m:[0;39m Cache Hit Ratio [net.mingsoft.basic.dao.IManagerDao]: 0.7142857142857143
[2m2023-04-13 17:12:17.224[0;39m [[32mDEBUG[0;39m] [35m18208[0;39m [2m[io-8080-exec-10 ][0;39m [32mnet.mingsoft.basic.dao.IModelDao[0;39m:60 [2m:[0;39m Cache Hit Ratio [net.mingsoft.basic.dao.IModelDao]: 0.8333333333333334
[2m2023-04-13 17:12:17.226[0;39m [[32mDEBUG[0;39m] [35m18208[0;39m [2m[io-8080-exec-10 ][0;39m [32mnet.mingsoft.basic.dao.IManagerDao[0;39m:60 [2m:[0;39m Cache Hit Ratio [net.mingsoft.basic.dao.IManagerDao]: 0.75
[2m2023-04-13 17:12:17.228[0;39m [[32mDEBUG[0;39m] [35m18208[0;39m [2m[io-8080-exec-10 ][0;39m [32mnet.mingsoft.basic.dao.IModelDao[0;39m:60 [2m:[0;39m Cache Hit Ratio [net.mingsoft.basic.dao.IModelDao]: 0.8571428571428571
[2m2023-04-13 17:12:17.232[0;39m [[32mDEBUG[0;39m] [35m18208[0;39m [2m[io-8080-exec-10 ][0;39m [32mnet.mingsoft.basic.dao.IManagerDao.selectById[0;39m:137 [2m:[0;39m ==>  Preparing: SELECT id,manager_name,MANAGER_NICKNAME,manager_password,manager_admin,role_ids,del,create_by,create_date,update_by,update_date FROM manager WHERE id=?
[2m2023-04-13 17:12:17.232[0;39m [[32mDEBUG[0;39m] [35m18208[0;39m [2m[io-8080-exec-10 ][0;39m [32mnet.mingsoft.basic.dao.IManagerDao.selectById[0;39m:137 [2m:[0;39m ==> Parameters: 57(String)
[2m2023-04-13 17:12:17.235[0;39m [[32mDEBUG[0;39m] [35m18208[0;39m [2m[io-8080-exec-10 ][0;39m [32mnet.mingsoft.basic.dao.IManagerDao.selectById[0;39m:137 [2m:[0;39m <==      Total: 1
[2m2023-04-13 17:12:23.018[0;39m [[32mDEBUG[0;39m] [35m18208[0;39m [2m[nio-8080-exec-4 ][0;39m [32mnet.mingsoft.basic.exception.ErrorController[0;39m:74 [2m:[0;39m error status 404 NOT_FOUND, error {timestamp=2023-04-13T17:12:23.018+0800, status=404, error=Not Found, message=, path=/static/plugins/vue-treeselect/0.4.0/vue-treeselect.umd.min.js.map},url /error
[2m2023-04-13 17:12:23.018[0;39m [[32mDEBUG[0;39m] [35m18208[0;39m [2m[nio-8080-exec-3 ][0;39m [32mnet.mingsoft.basic.exception.ErrorController[0;39m:74 [2m:[0;39m error status 404 NOT_FOUND, error {timestamp=2023-04-13T17:12:23.018+0800, status=404, error=Not Found, message=, path=/static/plugins/ms/2.0/ms-el-form.umd.js.map},url /error
[2m2023-04-13 17:12:23.018[0;39m [[32mDEBUG[0;39m] [35m18208[0;39m [2m[nio-8080-exec-5 ][0;39m [32mnet.mingsoft.basic.exception.ErrorController[0;39m:74 [2m:[0;39m error status 404 NOT_FOUND, error {timestamp=2023-04-13T17:12:23.018+0800, status=404, error=Not Found, message=, path=/static/plugins/sockjs/1.4.0/sockjs.js.map},url /error
[2m2023-04-13 17:12:23.018[0;39m [[32mDEBUG[0;39m] [35m18208[0;39m [2m[nio-8080-exec-8 ][0;39m [32mnet.mingsoft.basic.exception.ErrorController[0;39m:74 [2m:[0;39m error status 404 NOT_FOUND, error {timestamp=2023-04-13T17:12:23.018+0800, status=404, error=Not Found, message=, path=/static/plugins/axios/0.18.0/axios.min.map},url /error
[2m2023-04-13 17:12:25.703[0;39m [[32mDEBUG[0;39m] [35m18208[0;39m [2m[nio-8080-exec-2 ][0;39m [32mnet.mingsoft.basic.exception.ErrorController[0;39m:74 [2m:[0;39m error status 404 NOT_FOUND, error {timestamp=2023-04-13T17:12:25.702+0800, status=404, error=Not Found, message=, path=/static/plugins/axios/0.18.0/axios.min.map},url /error
[2m2023-04-13 17:12:25.703[0;39m [[32mDEBUG[0;39m] [35m18208[0;39m [2m[nio-8080-exec-6 ][0;39m [32mnet.mingsoft.basic.exception.ErrorController[0;39m:74 [2m:[0;39m error status 404 NOT_FOUND, error {timestamp=2023-04-13T17:12:25.702+0800, status=404, error=Not Found, message=, path=/static/plugins/ms/2.0/ms-el-form.umd.js.map},url /error
[2m2023-04-13 17:12:25.704[0;39m [[32mDEBUG[0;39m] [35m18208[0;39m [2m[nio-8080-exec-9 ][0;39m [32mnet.mingsoft.basic.exception.ErrorController[0;39m:74 [2m:[0;39m error status 404 NOT_FOUND, error {timestamp=2023-04-13T17:12:25.703+0800, status=404, error=Not Found, message=, path=/static/plugins/vue-treeselect/0.4.0/vue-treeselect.umd.min.js.map},url /error
